Arguments: 
  /home/kruse/.nvm/versions/node/v12.18.3/bin/node /home/kruse/.nvm/versions/node/v12.18.3/bin/yarn add express

PATH: 
  /home/kruse/.cargo/bin:/home/kruse/.nvm/versions/node/v12.18.3/bin:/home/kruse/.local/bin:/usr/local/sbin:/usr/local/bin:/usr/sbin:/usr/bin:/sbin:/bin:/usr/games:/usr/local/games:/snap/bin:/usr/local/go/bin:/home/kruse/go/binsource:~/.yarn/bin/:~/GoLand-2020.2.3/bin

Yarn version: 
  1.22.5

Node version: 
  12.18.3

Platform: 
  linux x64

Trace: 
  Error: getaddrinfo ENOTFOUND registry.yarnpkg.com
      at GetAddrInfoReqWrap.onlookup [as oncomplete] (dns.js:66:26)

npm manifest: 
  {
    "name": "validation-api",
    "version": "1.0.0",
    "description": "a simple validation API implementation for the Flutterwave backend developer interview.",
    "main": "src/index.js",
    "author": "Emeka Chukwurah",
    "license": "MIT"
  }

yarn manifest: 
  No manifest

Lockfile: 
  No lockfile
